<?xml version="1.0" encoding="UTF-8"?>
<testsuite name="agh.ics.oop.AnimalTest" tests="1" skipped="0" failures="0" errors="0" timestamp="2022-10-18T19:09:58" hostname="RUSIEK" time="0.027">
  <properties/>
  <testcase name="testToStringA()" classname="agh.ics.oop.AnimalTest" time="0.027"/>
  <system-out><![CDATA[Zwierzak jest w punkcie: (2,2)
Patrzy w kierunku: PĂłĹ‚noc
]]></system-out>
  <system-err><![CDATA[]]></system-err>
</testsuite>
